<?xml version="1.0" encoding="UTF-8"?>
<testsuite name="utility.TestRectangle" tests="10" skipped="0" failures="0" errors="0" timestamp="2021-03-26T11:01:23" hostname="MacBook-Air-4.local" time="0.07">
  <properties/>
  <testcase name="testPerimeterOfRectangleForPositiveValuedLengthAndBreadth()" classname="utility.TestRectangle" time="0.038"/>
  <testcase name="testAreaOfRectangleForNegativeValuedLength()" classname="utility.TestRectangle" time="0.01"/>
  <testcase name="testPerimeterOfRectangleForNegativeValuedBreadth()" classname="utility.TestRectangle" time="0.001"/>
  <testcase name="testPerimeterOfRectangleForZeroValuedBreadth()" classname="utility.TestRectangle" time="0.001"/>
  <testcase name="testAreaOfRectangleForPositiveValuedLengthAndBreadth()" classname="utility.TestRectangle" time="0.001"/>
  <testcase name="testPerimeterOfRectangleForNegativeValuedLength()" classname="utility.TestRectangle" time="0.001"/>
  <testcase name="testAreaOfRectangleForZeroValuedLength()" classname="utility.TestRectangle" time="0.001"/>
  <testcase name="testAreaOfRectangleForNegativeValuedBreadth()" classname="utility.TestRectangle" time="0.002"/>
  <testcase name="testPerimeterOfRectangleForZeroValuedLength()" classname="utility.TestRectangle" time="0.001"/>
  <testcase name="testAreaOfRectangleForNegativeValuedLengthAndBreadth()" classname="utility.TestRectangle" time="0.002"/>
  <system-out><![CDATA[]]></system-out>
  <system-err><![CDATA[]]></system-err>
</testsuite>
